
> astrologer-crm-frontend@1.0.0 dev
> vite --host 127.0.0.1 --port 5173


  [32m[1mVITE[22m v5.4.21[39m  [2mready in [0m[1m1687[22m[2m[0m ms[22m

  [32m➜[39m  [1mLocal[22m:   [36mhttp://127.0.0.1:[1m5173[22m/[39m
[2m12:37:25 am[22m [36m[1m[vite][22m[39m [32mhmr update [39m[2m/src/index.css[22m
[2m12:37:25 am[22m [36m[1m[vite][22m[39m [32mhmr update [39m[2m/src/index.css[22m
[2m12:37:25 am[22m [36m[1m[vite][22m[39m [32mhmr update [39m[2m/src/components/Layout.tsx, /src/index.css[22m
[2m12:37:26 am[22m [36m[1m[vite][22m[39m [32mhmr update [39m[2m/src/components/Button.tsx, /src/index.css[22m
[2m12:37:26 am[22m [36m[1m[vite][22m[39m [32mhmr update [39m[2m/src/components/PageHeader.tsx, /src/index.css[22m
[2m12:37:26 am[22m [36m[1m[vite][22m[39m [32mhmr update [39m[2m/src/components/DashboardCard.tsx, /src/index.css[22m
[2m12:39:46 am[22m [36m[1m[vite][22m[39m [32mhmr update [39m[2m/src/components/Navbar.tsx, /src/index.css[22m
[2m12:39:46 am[22m [36m[1m[vite][22m[39m [32mhmr update [39m[2m/src/components/Sidebar.tsx, /src/index.css[22m
[2m12:39:47 am[22m [36m[1m[vite][22m[39m [32mhmr update [39m[2m/src/components/SearchBar.tsx, /src/index.css[22m
[2m12:39:47 am[22m [36m[1m[vite][22m[39m [32mhmr update [39m[2m/src/components/Modal.tsx, /src/index.css[22m
[2m12:39:47 am[22m [36m[1m[vite][22m[39m [32mhmr update [39m[2m/src/components/DataTable.tsx, /src/index.css[22m
[2m12:41:00 am[22m [36m[1m[vite][22m[39m [32mhmr update [39m[2m/src/pages/Login.tsx, /src/index.css[22m
[2m12:41:01 am[22m [36m[1m[vite][22m[39m [32mhmr update [39m[2m/src/pages/Dashboard.tsx, /src/index.css[22m
[2m12:41:01 am[22m [36m[1m[vite][22m[39m [32mhmr update [39m[2m/src/components/Skeleton.tsx, /src/index.css[22m
[2m12:41:01 am[22m [36m[1m[vite][22m[39m [32mhmr update [39m[2m/src/components/Toast.tsx, /src/index.css[22m
[2m12:41:02 am[22m [36m[1m[vite][22m[39m [33mhmr invalidate [39m[2m/src/components/Toast.tsx[22m Could not Fast Refresh ("useToast" export is incompatible). Learn more at https://github.com/vitejs/vite-plugin-react/tree/main/packages/plugin-react#consistent-components-exports
[2m12:41:02 am[22m [36m[1m[vite][22m[39m [32mpage reload [39m[2msrc/components/Toast.tsx[22m
[2m12:42:13 am[22m [36m[1m[vite][22m[39m [32mhmr update [39m[2m/src/components/Layout.tsx, /src/index.css[22m
[2m12:42:13 am[22m [36m[1m[vite][22m[39m [32mhmr update [39m[2m/src/components/DataTable.tsx, /src/index.css[22m
[2m12:42:14 am[22m [36m[1m[vite][22m[39m [32mhmr update [39m[2m/src/pages/Astrologers.tsx, /src/index.css[22m
[2m12:42:14 am[22m [36m[1m[vite][22m[39m [32mhmr update [39m[2m/src/pages/Customers.tsx, /src/index.css[22m
[2m12:42:14 am[22m [36m[1m[vite][22m[39m [32mhmr update [39m[2m/src/pages/Consultations.tsx, /src/index.css[22m
[2m12:44:26 am[22m [36m[1m[vite][22m[39m [32mhmr update [39m[2m/src/components/Navbar.tsx, /src/index.css[22m
[2m1:06:51 am[22m [36m[1m[vite][22m[39m [32mhmr update [39m[2m/src/pages/Login.tsx, /src/index.css, /src/pages/Customers.tsx, /src/pages/Astrologers.tsx, /src/pages/Dashboard.tsx, /src/pages/Consultations.tsx[22m
[2m1:11:09 am[22m [36m[1m[vite][22m[39m [32mhmr update [39m[2m/src/pages/Login.tsx, /src/index.css[22m
[2m1:11:37 am[22m [36m[1m[vite][22m[39m [32mhmr update [39m[2m/src/pages/Login.tsx, /src/index.css, /src/pages/Customers.tsx, /src/pages/Astrologers.tsx, /src/pages/Dashboard.tsx, /src/pages/Consultations.tsx[22m
[2m1:16:05 am[22m [36m[1m[vite][22m[39m [32mhmr update [39m[2m/src/pages/Login.tsx, /src/index.css, /src/pages/Customers.tsx, /src/pages/Astrologers.tsx, /src/pages/Dashboard.tsx, /src/pages/Consultations.tsx[22m
[2m1:16:21 am[22m [36m[1m[vite][22m[39m [32mhmr update [39m[2m/src/pages/Login.tsx, /src/index.css, /src/pages/Customers.tsx, /src/pages/Astrologers.tsx, /src/pages/Dashboard.tsx, /src/pages/Consultations.tsx[22m
[2m1:16:26 am[22m [36m[1m[vite][22m[39m [32mpage reload [39m[2msrc/types/index.ts[22m
[2m1:16:32 am[22m [36m[1m[vite][22m[39m [32mhmr update [39m[2m/src/pages/Dashboard.tsx, /src/index.css[22m
[2m1:16:39 am[22m [36m[1m[vite][22m[39m [32mhmr update [39m[2m/src/pages/Dashboard.tsx, /src/index.css[22m
[2m1:16:48 am[22m [36m[1m[vite][22m[39m [32mhmr update [39m[2m/src/pages/Dashboard.tsx, /src/index.css[22m
[2m1:16:57 am[22m [36m[1m[vite][22m[39m [32mhmr update [39m[2m/src/pages/Dashboard.tsx, /src/index.css[22m
[2m1:18:30 am[22m [36m[1m[vite][22m[39m [32mhmr update [39m[2m/src/components/Layout.tsx, /src/index.css[22m
[2m1:18:42 am[22m [36m[1m[vite][22m[39m [32mhmr update [39m[2m/src/components/Navbar.tsx, /src/index.css[22m
[2m1:19:01 am[22m [36m[1m[vite][22m[39m [32mhmr update [39m[2m/src/components/Modal.tsx, /src/index.css[22m
[2m1:19:31 am[22m [36m[1m[vite][22m[39m [32mhmr update [39m[2m/src/components/Sidebar.tsx, /src/index.css[22m
[2m1:19:56 am[22m [36m[1m[vite][22m[39m [32mhmr update [39m[2m/src/components/Toast.tsx, /src/index.css[22m
[2m1:20:09 am[22m [36m[1m[vite][22m[39m [32mhmr update [39m[2m/src/pages/Login.tsx, /src/index.css[22m
[2m1:20:09 am[22m [36m[1m[vite][22m[39m [32mhmr update [39m[2m/src/pages/Login.tsx, /src/index.css, /src/pages/Customers.tsx, /src/pages/Astrologers.tsx, /src/pages/Dashboard.tsx, /src/pages/Consultations.tsx[22m
[2m1:20:09 am[22m [36m[1m[vite][22m[39m [32mhmr update [39m[2m/src/components/Layout.tsx, /src/index.css[22m
[2m1:20:09 am[22m [36m[1m[vite][22m[39m [32mpage reload [39m[2msrc/types/index.ts[22m
[2m1:20:09 am[22m [36m[1m[vite][22m[39m [32mhmr update [39m[2m/src/pages/Dashboard.tsx, /src/index.css[22m
[2m1:20:09 am[22m [36m[1m[vite][22m[39m [32mhmr update [39m[2m/src/components/Navbar.tsx, /src/index.css[22m
[2m1:20:09 am[22m [36m[1m[vite][22m[39m [32mhmr update [39m[2m/src/components/Modal.tsx, /src/index.css[22m
[2m1:20:09 am[22m [36m[1m[vite][22m[39m [32mhmr update [39m[2m/src/components/Sidebar.tsx, /src/index.css[22m
[2m1:20:09 am[22m [36m[1m[vite][22m[39m [32mhmr update [39m[2m/src/components/Toast.tsx, /src/index.css[22m
[2m1:20:09 am[22m [36m[1m[vite][22m[39m [32mhmr update [39m[2m/src/pages/Login.tsx, /src/index.css[22m
[2m1:20:09 am[22m [36m[1m[vite][22m[39m [32mhmr update [39m[2m/src/pages/Login.tsx, /src/index.css, /src/pages/Customers.tsx, /src/pages/Astrologers.tsx, /src/pages/Dashboard.tsx, /src/pages/Consultations.tsx[22m
[2m1:20:30 am[22m [36m[1m[vite][22m[39m [32mhmr update [39m[2m/src/index.css[22m
[2m1:20:50 am[22m [36m[1m[vite][22m[39m [32mhmr update [39m[2m/src/components/DataTable.tsx, /src/index.css[22m
[2m1:20:58 am[22m [36m[1m[vite][22m[39m [32mhmr update [39m[2m/src/components/SearchBar.tsx, /src/index.css[22m
[2m1:21:07 am[22m [36m[1m[vite][22m[39m [32mhmr update [39m[2m/src/components/DashboardCard.tsx, /src/index.css[22m
[2m1:21:22 am[22m [36m[1m[vite][22m[39m [32mhmr update [39m[2m/src/pages/Login.tsx, /src/index.css[22m
[2m1:21:31 am[22m [36m[1m[vite][22m[39m [32mhmr update [39m[2m/src/components/Skeleton.tsx, /src/index.css[22m
[2m1:21:36 am[22m [36m[1m[vite][22m[39m [32mhmr update [39m[2m/src/index.css[22m
[2m1:21:52 am[22m [36m[1m[vite][22m[39m [32mhmr update [39m[2m/src/pages/Astrologers.tsx, /src/index.css[22m
[2m1:22:03 am[22m [36m[1m[vite][22m[39m [32mhmr update [39m[2m/src/pages/Customers.tsx, /src/index.css[22m
[2m1:22:17 am[22m [36m[1m[vite][22m[39m [32mhmr update [39m[2m/src/pages/Consultations.tsx, /src/index.css[22m
[2m1:22:23 am[22m [36m[1m[vite][22m[39m [32mhmr update [39m[2m/src/pages/Consultations.tsx, /src/index.css[22m
[2m1:22:37 am[22m [36m[1m[vite][22m[39m [32mhmr update [39m[2m/src/components/Button.tsx, /src/index.css[22m
[2m1:24:39 am[22m [36m[1m[vite][22m[39m [32mhmr update [39m[2m/src/pages/Dashboard.tsx, /src/index.css[22m
[2m1:25:01 am[22m [36m[1m[vite][22m[39m [32mhmr update [39m[2m/src/pages/Login.tsx, /src/index.css[22m
[2m1:25:07 am[22m [36m[1m[vite][22m[39m [32mhmr update [39m[2m/src/index.css[22m
[2m1:25:12 am[22m [36m[1m[vite][22m[39m [32mhmr update [39m[2m/src/index.css[22m
[2m1:25:17 am[22m [36m[1m[vite][22m[39m [32mhmr update [39m[2m/src/index.css[22m
[2m1:25:27 am[22m [36m[1m[vite][22m[39m [32mhmr update [39m[2m/src/pages/Dashboard.tsx, /src/index.css[22m
[2m1:25:37 am[22m [36m[1m[vite][22m[39m [32mhmr update [39m[2m/src/pages/Dashboard.tsx, /src/index.css[22m
[2m1:27:02 am[22m [36m[1m[vite][22m[39m [32mhmr update [39m[2m/src/pages/Login.tsx, /src/index.css[22m
[2m1:27:02 am[22m [36m[1m[vite][22m[39m [32mhmr update [39m[2m/src/index.css[22m
[2m1:27:02 am[22m [36m[1m[vite][22m[39m [32mhmr update [39m[2m/src/components/DataTable.tsx, /src/index.css[22m
[2m1:27:02 am[22m [36m[1m[vite][22m[39m [32mhmr update [39m[2m/src/pages/Dashboard.tsx, /src/index.css[22m
[2m1:27:02 am[22m [36m[1m[vite][22m[39m [32mhmr update [39m[2m/src/pages/Astrologers.tsx, /src/index.css[22m
[2m1:27:02 am[22m [36m[1m[vite][22m[39m [32mhmr update [39m[2m/src/components/SearchBar.tsx, /src/index.css[22m
[2m1:27:02 am[22m [36m[1m[vite][22m[39m [32mhmr update [39m[2m/src/components/DashboardCard.tsx, /src/index.css[22m
[2m1:27:02 am[22m [36m[1m[vite][22m[39m [32mhmr update [39m[2m/src/components/Skeleton.tsx, /src/index.css[22m
[2m1:27:02 am[22m [36m[1m[vite][22m[39m [32mhmr update [39m[2m/src/components/Button.tsx, /src/index.css[22m
[2m1:27:02 am[22m [36m[1m[vite][22m[39m [32mhmr update [39m[2m/src/pages/Customers.tsx, /src/index.css[22m
[2m1:27:02 am[22m [36m[1m[vite][22m[39m [32mhmr update [39m[2m/src/pages/Consultations.tsx, /src/index.css[22m
[2m1:27:30 am[22m [36m[1m[vite][22m[39m [32mhmr update [39m[2m/src/pages/Login.tsx, /src/index.css[22m
[2m1:27:44 am[22m [36m[1m[vite][22m[39m [32mhmr update [39m[2m/src/pages/Dashboard.tsx, /src/index.css[22m
[2m1:27:51 am[22m [36m[1m[vite][22m[39m [32mhmr update [39m[2m/src/pages/Dashboard.tsx, /src/index.css[22m
[2m1:28:05 am[22m [36m[1m[vite][22m[39m [32mhmr update [39m[2m/src/pages/Dashboard.tsx, /src/index.css[22m
[2m1:28:16 am[22m [36m[1m[vite][22m[39m [32mhmr update [39m[2m/src/pages/Dashboard.tsx, /src/index.css[22m
[2m1:28:28 am[22m [36m[1m[vite][22m[39m [32mhmr update [39m[2m/src/components/Button.tsx, /src/index.css[22m
[2m1:28:35 am[22m [36m[1m[vite][22m[39m [32mhmr update [39m[2m/src/components/DataTable.tsx, /src/index.css[22m
[2m1:28:51 am[22m [36m[1m[vite][22m[39m [32mhmr update [39m[2m/src/components/DataTable.tsx, /src/index.css[22m
[2m1:29:07 am[22m [36m[1m[vite][22m[39m [32mhmr update [39m[2m/src/components/Sidebar.tsx, /src/index.css[22m
[2m1:29:25 am[22m [36m[1m[vite][22m[39m [32mhmr update [39m[2m/src/pages/Login.tsx, /src/index.css[22m
[2m1:29:25 am[22m [36m[1m[vite][22m[39m [32mhmr update [39m[2m/src/components/Sidebar.tsx, /src/index.css[22m
[2m1:29:25 am[22m [36m[1m[vite][22m[39m [32mhmr update [39m[2m/src/pages/Dashboard.tsx, /src/index.css[22m
[2m1:29:25 am[22m [36m[1m[vite][22m[39m [32mhmr update [39m[2m/src/components/DataTable.tsx, /src/index.css[22m
[2m1:29:25 am[22m [36m[1m[vite][22m[39m [32mhmr update [39m[2m/src/components/Button.tsx, /src/index.css[22m
